1568781016098	mozrunner::runner	INFO	Running command: "C:\\Program Files\\Mozilla Firefox\\firefox.exe" "-marionette" "-foreground" "-no-remote" "-profile" "C:\\Users\\luist\\AppData\\Local\\Temp\\rust_mozprofilevmeUHT"
1568781021393	addons.webextension.screenshots@mozilla.org	WARN	Loading extension 'screenshots@mozilla.org': Reading manifest: Invalid extension permission: mozillaAddons
1568781021393	addons.webextension.screenshots@mozilla.org	WARN	Loading extension 'screenshots@mozilla.org': Reading manifest: Invalid extension permission: telemetry
1568781021394	addons.webextension.screenshots@mozilla.org	WARN	Loading extension 'screenshots@mozilla.org': Reading manifest: Invalid extension permission: resource://pdf.js/
1568781021394	addons.webextension.screenshots@mozilla.org	WARN	Loading extension 'screenshots@mozilla.org': Reading manifest: Invalid extension permission: about:reader*
JavaScript error: resource://gre/modules/XULStore.jsm, line 66: Error: Can't find profile directory.
[Child 6952, Chrome_ChildThread] WARNING: pipe error: 109: file z:/task_1566864336/build/src/ipc/chromium/src/chrome/common/ipc_channel_win.cc, line 341
[Child 69521568781031388	Marionette	INFO	Listening on port 50265
1568781031866	Marionette	WARN	TLS certificate errors will be ignored for this session
[Child[Parent 4472, Gecko_IOThread] WARNING: pipe error: 109: file z:/task_1566864336/build/src/ipc/chromium/src/chrome/common/ipc_channel_win.cc, line 341
[Parent 4472, Gecko_IOThread] WARNING: pipe error: 109: file z:/task_1566864336/build/src/ipc/chromium/src/chrome/common/ipc_channel_win.cc, line 341
[Child 4380, Chrome_ChildThread] WARNING: pipe error: 109: f[iClhild 7276, Chrome_ChildThread] WARNING: pipee error: 109: fi z:/task_1566864336/build/src/ipc/chromium/src/chrome/common/ipc_channel_win.cc, line 341
le z:/ta[sk_1566864336/build/src/ipc/chromium/src/chrome/common/ipc_channel_win.cc, line 341
[Childconsole.error: (new Error("Connection closed before committing the transaction.", "resource://gre/modules/Sqlite.jsm", 683))
1568782529980	Marionette	INFO	Stopped listening on port 50265

###!!! [Child][RunMessage] Error: Channel closing: too late to send/recv, messages will be lost

[GPU 4088, Chrome
###!!! [Child][MessageChannel::SendAndWait] Error: Channel error: cannot send/recv

, Chrome_Chi1568782296058	Marionette	INFO	Listening on port 51512
l1568782296182	Marionette	WARN	TLS certificate errors will be ignored for this session
dThread] WARNING: pipe error: 109: fil[Parent 10516, Gecko_IOThread] WARNING: pipe error: 109: file z:/task_1566864336/build/src/ipc/chromium/src/chrome/common/ipc_channel_win.cc, line 341
[Child 6552, Chrome_ChildThread] WARNING: pipe error: 109: file z:/task_1566864336/build/src/ipc/chromium/src/chrome/common/ipc_channel_win.cc, line 341
[Child [Child 11000, Chrome_ChildThread] WARNING: pipe error: 109: file z:/task_1566864336/build/src/ipc/chromium/src/chrome/common/ipc_channel_win.cc, line 341
[Child 11000, Chrome_ChildThread] WARNING: pipe error: 109: file z:/task_1566864336/build/src/ipc/chromium/src/chrome/common/ipc_channel_win.cc, line 341

###!!! [Child][RunMessage] Error: Channel closing: too late to send/recv, messages will be lost


###!!! [Child][RunMessage] Error: Channel closing: too late to send/recv, messages will be lost


###!!! [Child][RunMessage] Error: Channel closing: too late to send/recv, messages will be lost

[Parent 10516, Gecko_IOThread] WARNING: pipe error: 109: file z:/task_1566864336/build/src/ipc/chromium/src/chrome/common/ipc_channel_win.cc, line 341
1568782530405	Marionette	INFO	Stopped listening on port 51512

###!!![Child 9256, Chrome_ChildThread] WARNING: pipe error: 109: file z:/tas[Parent 10812, Gecko_IOThread] WARNING: pipe error: 109: file z:/task_1566864336/build/src/ipc/chromium/src/chrome/common/ipc_channel_win.cc, line 341
[Child 10612, Chrome_ChildThread] WARNING: pipe error: 109: file z:/task_1566864336/build/src/ipc/chromium/src/chrome/common/ipc_channel_win.cc, line 341
[Child 10612, Ch1568782533565	Marionette	INFO	Stopped listening on port 51683

###!!! [Child][RunMessage] Error: Channel closing: too late to send/recv, messages will be lost

[GPU
###!!! [Child][MessageChannel::SendAndWait] Error: Channel error: cannot send/recv

ts@mozilla.org': Reading manifest: Invalid extension permission: resource://pdf.js/
1568782449962	addons.webextension.screenshots@mozilla.org	WARN	Loading extension 'screenshots@mozilla.org': Reading manifest: Invalid extension permission: about:reader*
JavaScript error: resource://gre/modules/XULStore.jsm, line 66: Error: Can't find profile directory.
1568782454807	Marionette	INFO	Listening on port 51867
1568782455211	Marionette	WARN	TLS certificate errors will be ignored for this session
[Child 13300, Chrome_ChildThread] WARNING: pipe error: 109: file z:/task_1566864336/build/src/ipc/chromium/src/chrome/common/ipc_channel_win.cc, line 341
[Child 13300,1568782533701	Marionette	INFO	Stopped listening on port 51867

###!!! [Child][RunMessage] Error: Channel closing: too late to send/recv, messages will be lost

[GPU 132
###!!! [Child][MessageChannel::SendAndWait] Error: Channel error: cannot send/recv

1568782602123	mozrunner::runner	INFO	Running command: "C:\\Program Files\\Mozilla Firefox\\firefox.exe" "-marionette" "-foreground" "-no-remote" "-profile" "C:\\Users\\luist\\AppData\\Local\\Temp\\rust_mozprofilek7zzoH"
1568782603057	addons.webextension.screenshots@mozilla.org	WARN	Loading extension 'screenshots@mozilla.org': Reading manifest: Invalid extension permission: mozillaAddons
1568782603057	addons.webextension.screenshots@mozilla.org	WARN	Loading extension 'screenshots@mozilla.org': Reading manifest: Invalid extension permission: telemetry
1568782603057	addons.webextension.screenshots@mozilla.org	WARN	Loading extension 'screenshots@mozilla.org': Reading manifest: Invalid extension permission: resource://pdf.js/
1568782603057	addons.webextension.screenshots@mozilla.org	WARN	Loading extension 'screenshots@mozilla.org': Reading manifest: Invalid extension permission: about:reader*
JavaScript error: resource://gre/modules/XULStore.jsm, line 66: Error: Can't find profile directory.
1568782607118	Marionette	INFO	Listening on port 52057
1568782607557	Marionette	WARN	TLS certificate errors will be ignored for this session
IPDL protocol error: Handler returned error code!

###!!! [Parent][DispatchAsyncMessage] Error: PLayerTransaction::Msg_ReleaseLayer Processing error: message was deserialized, but the handler returned false (indicating failure)

IPDL protocol error: Handler returned error code!

###!!! [Parent][DispatchAsyncMessage] Error: PLayerTransaction::Msg_ReleaseLayer Processing error: message was deserialized, but the handler returned false (indicating failure)

IPDL protocol error: Handler returned error code!

###!!! [Parent][DispatchAsyncMessage] Error: PLayerTransaction::Msg_ReleaseLayer Processing error: message was deserialized, but the handler returned false (indicating failure)

IPDL protocol error: Handler returned error code!

###!!! [Parent][DispatchAsyncMessage] Error: PLayerTransaction::Msg_ReleaseLayer Processing error: message was deserialized, but the handler returned false (indicating failure)

IPDL protocol error: Handler returned error code!

###!!! [Parent][DispatchAsyncMessage] Error: PLayerTransaction::Msg_ReleaseLayer Processing error: message was deserialized, but the handler returned false (indicating failure)

IPDL protocol error: Handler returned error code!

###!!! [Parent][DispatchAsyncMessage] Error: PLayerTransaction::Msg_ReleaseLayer Processing error: message was deserialized, but the handler returned false (indicating failure)

IPDL protocol error: Handler returned error code!

###!!! [Parent][DispatchAsyncMessage] Error: PLayerTransaction::Msg_ReleaseLayer Processing error: message was deserialized, but the handler returned false (indicating failure)

IPDL protocol error: Handler returned error code!

###!!! [Parent][DispatchAsyncMessage] Error: PLayerTransaction::Msg_ReleaseLayer Processing error: message was deserialized, but the handler returned false (indicating failure)

IPDL protocol error: Handler returned error code!

###!!! [Parent][DispatchAsyncMessage] Error: PLayerTransaction::Msg_ReleaseLayer Processing error: message was deserialized, but the handler returned false (indicating failure)

IPDL protocol error: Handler returned error code!

###!!! [Parent][DispatchAsyncMessage] Error: PLayerTransaction::Msg_ReleaseLayer Processing error: message was deserialized, but the handler returned false (indicating failure)

IPDL protocol error: Handler returned error code!

###!!! [Parent][DispatchAsyncMessage] Error: PLayerTransaction::Msg_ReleaseLayer Processing error: message was deserialized, but the handler returned false (indicating failure)

[Parent 9892, Gecko_IOThread] WARNING: pipe error: 109: file z:/task_1566864336/build/src/ipc/chromium/src/chrome/common/ipc_channel_win.cc, line 341
console.error: (new Error("Connection closed before committing the transaction.", "resource://gre/modules/Sqlite.jsm", 683))
1568782877169	Marionette	INFO	Stopped listening on port 52057
[GPU 105
###!!! [Child][MessageChannel::SendAndWait] Error: Channel error: cannot send/recv

